<?xml version="1.0" encoding="UTF-8"?>
<coverage generated="1468004091">
  <project timestamp="1468004091">
    <package name="YAUS\Utilities">
      <file name="/Users/napolux/yaus/src/Utilities/Sanitizer.php">
        <class name="Sanitizer" namespace="YAUS\Utilities">
          <metrics methods="1" coveredmethods="1" conditionals="0" coveredconditionals="0" statements="4" coveredstatements="4" elements="5" coveredelements="5"/>
        </class>
        <line num="19" type="method" name="sanitizeUrl" crap="1" count="3"/>
        <line num="21" type="stmt" count="3"/>
        <line num="22" type="stmt" count="3"/>
        <line num="23" type="stmt" count="3"/>
        <line num="24" type="stmt" count="3"/>
        <metrics loc="25" ncloc="13" classes="1" methods="1" coveredmethods="1" conditionals="0" coveredconditionals="0" statements="4" coveredstatements="4" elements="5" coveredelements="5"/>
      </file>
      <file name="/Users/napolux/yaus/src/Utilities/Shortener.php">
        <class name="Shortener" namespace="YAUS\Utilities" fullPackage="YAUS" package="YAUS">
          <metrics methods="3" coveredmethods="3" conditionals="0" coveredconditionals="0" statements="20" coveredstatements="20" elements="23" coveredelements="23"/>
        </class>
        <line num="16" type="method" name="__construct" crap="1" count="14"/>
        <line num="18" type="stmt" count="14"/>
        <line num="19" type="stmt" count="14"/>
        <line num="26" type="method" name="encode" crap="3" count="7"/>
        <line num="28" type="stmt" count="7"/>
        <line num="29" type="stmt" count="1"/>
        <line num="32" type="stmt" count="6"/>
        <line num="33" type="stmt" count="6"/>
        <line num="35" type="stmt" count="6"/>
        <line num="36" type="stmt" count="6"/>
        <line num="37" type="stmt" count="6"/>
        <line num="38" type="stmt" count="6"/>
        <line num="40" type="stmt" count="6"/>
        <line num="42" type="stmt" count="6"/>
        <line num="50" type="method" name="decode" crap="2" count="7"/>
        <line num="52" type="stmt" count="7"/>
        <line num="53" type="stmt" count="7"/>
        <line num="54" type="stmt" count="7"/>
        <line num="56" type="stmt" count="7"/>
        <line num="57" type="stmt" count="7"/>
        <line num="58" type="stmt" count="7"/>
        <line num="59" type="stmt" count="7"/>
        <line num="61" type="stmt" count="7"/>
        <metrics loc="62" ncloc="43" classes="1" methods="3" coveredmethods="3" conditionals="0" coveredconditionals="0" statements="20" coveredstatements="20" elements="23" coveredelements="23"/>
      </file>
    </package>
    <metrics files="2" loc="87" ncloc="56" classes="2" methods="4" coveredmethods="4" conditionals="0" coveredconditionals="0" statements="24" coveredstatements="24" elements="28" coveredelements="28"/>
  </project>
</coverage>
